<?xml version="1.0" encoding="UTF-8"?>
<!-- Generated by org.testng.reporters.JUnitXMLReporter -->
<testsuite hostname="DESKTOP-11SJ4LJ" ignored="0" name="Invalid City Search Test" tests="1" failures="1" timestamp="17 Feb 2022 17:32:35 GMT" time="3.863" errors="0">
  <testcase name="invalidCity" time="3.859" classname="testcases.InvalidCitySearchTest">
    <failure type="java.lang.AssertionError" message="expected [No results] but found [No results.]">
      <![CDATA[java.lang.AssertionError: expected [No results] but found [No results.]
at testcases.InvalidCitySearchTest.invalidCity(InvalidCitySearchTest.java:32)
... Removed 31 stack frames]]>
    </failure>
  </testcase> <!-- invalidCity -->
</testsuite> <!-- Invalid City Search Test -->
